=== IMO Creator Compliance Check ===
=== Command: python "C:\Users\CUSTOM PC\Desktop\Cursor Builds\scraping-tool\imo-creator\tools\repo_compliance_check.py" "C:\Users\CUSTOM PC\Desktop\Cursor Builds\scraping-tool\hivemind-command-center" ===

Repository Compliance Report
Path: C:\Users\CUSTOM PC\Desktop\Cursor Builds\scraping-tool\hivemind-command-center
Overall Score: 100.0%

Check Results:
  [PASS] Git Repo
  [PASS] Python Project
  [PASS] Documentation
  [PASS] Ci Cd
  [PASS] Testing
  [PASS] Deployment Config
  [PASS] Code Quality
  [PASS] Fastapi Compliance

All checks passed! Repository is compliant.

Return code: 0

=== Repository Compliance Heartbeat ===
=== Command: python "C:\Users\CUSTOM PC\Desktop\Cursor Builds\scraping-tool\hivemind-command-center\imo-compliance-check.py" ===
IMO Creator Compliance Check
Repository: hivemind-command-center
Timestamp: 2025-08-21 05:58:14
============================================================
Repository processed by IMO Creator
   Version: 1.0.0
   Last Check: 2025-08-19T13:50:11.495819
   Compliance Score: 85

Basic Compliance Check for: hivemind-command-center
==================================================
  [PASS] Documentation: Found
  [PASS] License file: Found
  [PASS] Contribution guidelines: Found
  [PASS] CI/CD pipeline: Found
  [PASS] Python dependencies: Found
  [PASS] Test directory: Found
  [PASS] Deployment config: Found

Compliance Score: 100.0% (7/7)

Update Check
====================
Checking for updates...
Could not connect to IMO Creator API

Next Steps
===============

More Info: https://github.com/djb258/imo-creator

Return code: 0

